<?xml version="1.0" encoding="UTF-8"?>
<testsuite name="PieceTests" tests="3" skipped="0" failures="0" errors="0" timestamp="2023-12-19T19:09:03" hostname="lmde5" time="0.007">
  <properties/>
  <testcase name="pieceTypeGettersTest" classname="PieceTests" time="0.003"/>
  <testcase name="pieceTypeFieldTest" classname="PieceTests" time="0.001"/>
  <testcase name="pieceTypesDefinedTest" classname="PieceTests" time="0.003"/>
  <system-out><![CDATA[]]></system-out>
  <system-err><![CDATA[]]></system-err>
</testsuite>
