<?xml version="1.0" encoding="UTF-8"?>
<testsuite name="PieceTests" tests="2" skipped="0" failures="0" errors="0" timestamp="2023-12-19T18:57:02" hostname="lmde5" time="0.002">
  <properties/>
  <testcase name="testConstructorParametrizedCreated" classname="PieceTests" time="0.002"/>
  <testcase name="pieceTypeFieldTest" classname="PieceTests" time="0.0"/>
  <system-out><![CDATA[]]></system-out>
  <system-err><![CDATA[]]></system-err>
</testsuite>
